<?xml version="1.0" encoding="UTF-8"?>
<testsuite name="com.noaats.reviewsystem.domain.TraceableFieldTest" tests="2" skipped="0" failures="0" errors="0" timestamp="2026-08-12T14:35:24.369Z" hostname="WOOSEOK" time="0.035">
  <properties/>
  <testcase name="testTraceableFieldCreation()" classname="com.noaats.reviewsystem.domain.TraceableFieldTest" time="0.015"/>
  <testcase name="testTraceableFieldUpdateWithHistory()" classname="com.noaats.reviewsystem.domain.TraceableFieldTest" time="0.003"/>
  <system-out><![CDATA[]]></system-out>
  <system-err><![CDATA[]]></system-err>
</testsuite>
